CFamilyContact/app/build/intermediates/manifest_merge_blame_file/debug/manifest-merger-blame-debug-report.txt
1<?xml version="1.0" encoding="utf-8"?>
2<manifest xmlns:android="http://schemas.android.com/apk/res/android"
3    package="com.example.cfamilycontact"
4    android:versionCode="1"
5    android:versionName="1.0" >
6
7    <uses-sdk
7-->src/main/AndroidManifest.xml:7:5-9:41
8        android:minSdkVersion="21"
8-->src/main/AndroidManifest.xml:8:9-35
9        android:targetSdkVersion="24" />
9-->src/main/AndroidManifest.xml:9:9-38
10
11    <uses-permission android:name="android.permission.INTERNET" />
11-->src/main/AndroidManifest.xml:10:2-63
11-->src/main/AndroidManifest.xml:10:19-61
12
13    <application
13-->src/main/AndroidManifest.xml:12:5-42:19
14        android:allowBackup="true"
14-->src/main/AndroidManifest.xml:13:9-35
15        android:debuggable="true"
16        android:icon="@drawable/ic_launcher"
16-->src/main/AndroidManifest.xml:14:9-45
17        android:label="@string/app_name"
17-->src/main/AndroidManifest.xml:15:9-41
18        android:testOnly="true"
19        android:theme="@style/AppTheme" >
19-->src/main/AndroidManifest.xml:16:9-40
20        <activity
20-->src/main/AndroidManifest.xml:17:9-25:20
21            android:name="com.example.cfamilycontact.MainActivity"
21-->src/main/AndroidManifest.xml:18:13-41
22            android:label="@string/app_name" >
22-->src/main/AndroidManifest.xml:19:13-45
23            <intent-filter>
23-->src/main/AndroidManifest.xml:20:13-24:29
24                <action android:name="android.intent.action.MAIN" />
24-->src/main/AndroidManifest.xml:21:17-69
24-->src/main/AndroidManifest.xml:21:25-66
25
26                <category android:name="android.intent.category.LAUNCHER" />
26-->src/main/AndroidManifest.xml:23:17-77
26-->src/main/AndroidManifest.xml:23:27-74
27            </intent-filter>
28        </activity>
29        <activity
29-->src/main/AndroidManifest.xml:26:9-29:20
30            android:name="com.example.cfamilycontact.LoginActivity"
30-->src/main/AndroidManifest.xml:27:13-42
31            android:label="@string/title_activity_login" >
31-->src/main/AndroidManifest.xml:28:13-57
32        </activity>
33        <activity
33-->src/main/AndroidManifest.xml:30:9-33:20
34            android:name="com.example.cfamilycontact.RegistActivity"
34-->src/main/AndroidManifest.xml:31:13-43
35            android:label="@string/title_activity_regist" >
35-->src/main/AndroidManifest.xml:32:13-58
36        </activity>
37        <activity
37-->src/main/AndroidManifest.xml:34:9-37:20
38            android:name="com.example.cfamilycontact.HomeActivity"
38-->src/main/AndroidManifest.xml:35:13-41
39            android:label="@string/title_activity_home" >
39-->src/main/AndroidManifest.xml:36:13-56
40        </activity>
41        <activity
41-->src/main/AndroidManifest.xml:38:9-41:20
42            android:name="com.example.cfamilycontact.AboutActivity"
42-->src/main/AndroidManifest.xml:39:13-42
43            android:label="@string/title_activity_about" >
43-->src/main/AndroidManifest.xml:40:13-57
44        </activity>
45
46        <meta-data
46-->[com.android.support:support-v4:26.0.0] AndroidManifest.xml:26:9-28:38
47            android:name="android.support.VERSION"
47-->[com.android.support:support-v4:26.0.0] AndroidManifest.xml:27:13-51
48            android:value="26.0.0" />
48-->[com.android.support:support-v4:26.0.0] AndroidManifest.xml:28:13-35
49    </application>
50
51</manifest>